chess by pawn
King x,y3,5
valid moves=Array
(
    [0] => Array
        (
        )

    [1] => Array
        (
        )

    [2] => Array
        (
            [0] => 4
            [1] => 7
        )

    [3] => Array
        (
            [0] => 4
            [1] => 5
        )

    [4] => Array
        (
            [0] => 3
            [1] => 5
        )

    [5] => Array
        (
        )

    [6] => Array
        (
        )

    [7] => Array
        (
        )

)
chess by pawn
King x,y3,5
valid moves=Array
(
    [0] => Array
        (
        )

    [1] => Array
        (
        )

    [2] => Array
        (
            [0] => 4
            [1] => 7
        )

    [3] => Array
        (
            [0] => 4
            [1] => 5
        )

    [4] => Array
        (
            [0] => 3
            [1] => 5
        )

    [5] => Array
        (
        )

    [6] => Array
        (
        )

    [7] => Array
        (
        )

)
chess by pawn
King x,y4,5
valid moves=Array
(
    [0] => Array
        (
        )

    [1] => Array
        (
        )

    [2] => Array
        (
            [0] => 4
            [1] => 7
        )

    [3] => Array
        (
            [0] => 4
            [1] => 5
        )

    [4] => Array
        (
            [0] => 3
            [1] => 5
        )

    [5] => Array
        (
        )

    [6] => Array
        (
        )

    [7] => Array
        (
        )

)
